Gramática

    0 $accept: X $end

    1 X: A

    2 A: S1 A
    3  | S1

    4 S1: S D

    5 D: Q
    6  | Q2

    7 Q2: PUNTOYCOMA

    8 L: Q
    9  | /* vacío */

   10 Q: NEWLINE

   11 S: V
   12  | F
   13  | I
   14  | W
   15  | P6

   16 V: T IDENTIFICADOR

   17 T: VAR

   18 P: Z
   19  | /* vacío */

   20 Z: P5
   21  | P5 COMA Z

   22 P6: IDENTIFICADOR OPASIGNACION N
   23   | P7

   24 P7: P7 OPLOGICO P5
   25   | P5

   26 P5: P5 OPRELACIONAL P4
   27   | P4

   28 P4: P4 OPARITMETICO P3
   29   | P3

   30 P3: OPESPECIAL P2
   31   | P2

   32 P2: PARENTESISAB P6 PARENTESISCE
   33   | P1

   34 P1: IDENTIFICADOR PARENTESISAB P PARENTESISCE
   35   | IDENTIFICADOR CORCHETEAB P6 CORCHETECE
   36   | IDENTIFICADOR
   37   | PROMPT PARENTESISAB P6 PARENTESISCE
   38   | DOCWRITE PARENTESISAB P6 PARENTESISCE
   39   | ENTERO
   40   | CADENA

   41 N: P5
   42  | NEW ARRAY PARENTESISAB P6 PARENTESISCE

   43 I: IF PARENTESISAB P6 PARENTESISCE L S

   44 W: SWITCH PARENTESISAB P6 PARENTESISCE L LLAVEAB C L LLAVECE

   45 C: L CASE P6 DOSPUNTOS A D B

   46 B: BREAK
   47  | /* vacío */

   48 F2: FUNCTION

   49 F: F2 H L LLAVEAB L AS LLAVECE

   50 AS: A R L
   51   | A L
   52   | R L

   53 H: IDENTIFICADOR PARENTESISAB J
   54  | IDENTIFICADOR PARENTESISAB PARENTESISCE

   55 J: IDENTIFICADOR PARENTESISCE
   56  | IDENTIFICADOR COMA J

   57 R: RETURN P6
   58  | RETURN


Terminales con las reglas donde aparecen

$end (0) 0
error (256)
PUNTOYCOMA (258) 7
NEWLINE (259) 10
IF (260) 43
SWITCH (261) 44
CASE (262) 45
BREAK (263) 46
NEW (264) 42
ARRAY (265) 42
FUNCTION (266) 48
DOCWRITE (267) 38
VAR (268) 17
PROMPT (269) 37
RETURN (270) 57 58
OPARITMETICO (271) 28
OPRELACIONAL (272) 26
OPASIGNACION (273) 22
OPESPECIAL (274) 30
OPLOGICO (275) 24
CORCHETEAB (276) 35
CORCHETECE (277) 35
PARENTESISAB (278) 32 34 37 38 42 43 44 53 54
PARENTESISCE (279) 32 34 37 38 42 43 44 54 55
LLAVEAB (280) 44 49
LLAVECE (281) 44 49
COMA (282) 21 56
DOSPUNTOS (283) 45
ENTERO (284) 39
CADENA (285) 40
IDENTIFICADOR (286) 16 22 34 35 36 53 54 55 56


No terminales con las reglas donde aparecen

$accept (32)
    en la izquierda: 0
X (33)
    en la izquierda: 1, en la derecha: 0
A (34)
    en la izquierda: 2 3, en la derecha: 1 2 45 50 51
S1 (35)
    en la izquierda: 4, en la derecha: 2 3
D (36)
    en la izquierda: 5 6, en la derecha: 4 45
Q2 (37)
    en la izquierda: 7, en la derecha: 6
L (38)
    en la izquierda: 8 9, en la derecha: 43 44 45 49 50 51 52
Q (39)
    en la izquierda: 10, en la derecha: 5 8
S (40)
    en la izquierda: 11 12 13 14 15, en la derecha: 4 43
V (41)
    en la izquierda: 16, en la derecha: 11
T (42)
    en la izquierda: 17, en la derecha: 16
P (43)
    en la izquierda: 18 19, en la derecha: 34
Z (44)
    en la izquierda: 20 21, en la derecha: 18 21
P6 (45)
    en la izquierda: 22 23, en la derecha: 15 32 35 37 38 42 43 44
    45 57
P7 (46)
    en la izquierda: 24 25, en la derecha: 23 24
P5 (47)
    en la izquierda: 26 27, en la derecha: 20 21 24 25 26 41
P4 (48)
    en la izquierda: 28 29, en la derecha: 26 27 28
P3 (49)
    en la izquierda: 30 31, en la derecha: 28 29
P2 (50)
    en la izquierda: 32 33, en la derecha: 30 31
P1 (51)
    en la izquierda: 34 35 36 37 38 39 40, en la derecha: 33
N (52)
    en la izquierda: 41 42, en la derecha: 22
I (53)
    en la izquierda: 43, en la derecha: 13
W (54)
    en la izquierda: 44, en la derecha: 14
C (55)
    en la izquierda: 45, en la derecha: 44
B (56)
    en la izquierda: 46 47, en la derecha: 45
F2 (57)
    en la izquierda: 48, en la derecha: 49
F (58)
    en la izquierda: 49, en la derecha: 12
AS (59)
    en la izquierda: 50 51 52, en la derecha: 49
H (60)
    en la izquierda: 53 54, en la derecha: 49
J (61)
    en la izquierda: 55 56, en la derecha: 53 56
R (62)
    en la izquierda: 57 58, en la derecha: 50 52


estado 0

    0 $accept: . X $end

    IF             desplazar e ir al estado 1
    SWITCH         desplazar e ir al estado 2
    FUNCTION       desplazar e ir al estado 3
    DOCWRITE       desplazar e ir al estado 4
    VAR            desplazar e ir al estado 5
    PROMPT         desplazar e ir al estado 6
    OPESPECIAL     desplazar e ir al estado 7
    PARENTESISAB   desplazar e ir al estado 8
    ENTERO         desplazar e ir al estado 9
    CADENA         desplazar e ir al estado 10
    IDENTIFICADOR  desplazar e ir al estado 11

    X   ir al estado 12
    A   ir al estado 13
    S1  ir al estado 14
    S   ir al estado 15
    V   ir al estado 16
    T   ir al estado 17
    P6  ir al estado 18
    P7  ir al estado 19
    P5  ir al estado 20
    P4  ir al estado 21
    P3  ir al estado 22
    P2  ir al estado 23
    P1  ir al estado 24
    I   ir al estado 25
    W   ir al estado 26
    F2  ir al estado 27
    F   ir al estado 28


estado 1

   43 I: IF . PARENTESISAB P6 PARENTESISCE L S

    PARENTESISAB  desplazar e ir al estado 29


estado 2

   44 W: SWITCH . PARENTESISAB P6 PARENTESISCE L LLAVEAB C L LLAVECE

    PARENTESISAB  desplazar e ir al estado 30


estado 3

   48 F2: FUNCTION .

    $default  reduce usando la regla 48 (F2)


estado 4

   38 P1: DOCWRITE . PARENTESISAB P6 PARENTESISCE

    PARENTESISAB  desplazar e ir al estado 31


estado 5

   17 T: VAR .

    $default  reduce usando la regla 17 (T)


estado 6

   37 P1: PROMPT . PARENTESISAB P6 PARENTESISCE

    PARENTESISAB  desplazar e ir al estado 32


estado 7

   30 P3: OPESPECIAL . P2

    DOCWRITE       desplazar e ir al estado 4
    PROMPT         desplazar e ir al estado 6
    PARENTESISAB   desplazar e ir al estado 8
    ENTERO         desplazar e ir al estado 9
    CADENA         desplazar e ir al estado 10
    IDENTIFICADOR  desplazar e ir al estado 33

    P2  ir al estado 34
    P1  ir al estado 24


estado 8

   32 P2: PARENTESISAB . P6 PARENTESISCE

    DOCWRITE       desplazar e ir al estado 4
    PROMPT         desplazar e ir al estado 6
    OPESPECIAL     desplazar e ir al estado 7
    PARENTESISAB   desplazar e ir al estado 8
    ENTERO         desplazar e ir al estado 9
    CADENA         desplazar e ir al estado 10
    IDENTIFICADOR  desplazar e ir al estado 11

    P6  ir al estado 35
    P7  ir al estado 19
    P5  ir al estado 20
    P4  ir al estado 21
    P3  ir al estado 22
    P2  ir al estado 23
    P1  ir al estado 24


estado 9

   39 P1: ENTERO .

    $default  reduce usando la regla 39 (P1)


estado 10

   40 P1: CADENA .

    $default  reduce usando la regla 40 (P1)


estado 11

   22 P6: IDENTIFICADOR . OPASIGNACION N
   34 P1: IDENTIFICADOR . PARENTESISAB P PARENTESISCE
   35   | IDENTIFICADOR . CORCHETEAB P6 CORCHETECE
   36   | IDENTIFICADOR .

    OPASIGNACION  desplazar e ir al estado 36
    CORCHETEAB    desplazar e ir al estado 37
    PARENTESISAB  desplazar e ir al estado 38

    $default  reduce usando la regla 36 (P1)


estado 12

    0 $accept: X . $end

    $end  desplazar e ir al estado 39


estado 13

    1 X: A .

    $default  reduce usando la regla 1 (X)


estado 14

    2 A: S1 . A
    3  | S1 .

    IF             desplazar e ir al estado 1
    SWITCH         desplazar e ir al estado 2
    FUNCTION       desplazar e ir al estado 3
    DOCWRITE       desplazar e ir al estado 4
    VAR            desplazar e ir al estado 5
    PROMPT         desplazar e ir al estado 6
    OPESPECIAL     desplazar e ir al estado 7
    PARENTESISAB   desplazar e ir al estado 8
    ENTERO         desplazar e ir al estado 9
    CADENA         desplazar e ir al estado 10
    IDENTIFICADOR  desplazar e ir al estado 11

    $default  reduce usando la regla 3 (A)

    A   ir al estado 40
    S1  ir al estado 14
    S   ir al estado 15
    V   ir al estado 16
    T   ir al estado 17
    P6  ir al estado 18
    P7  ir al estado 19
    P5  ir al estado 20
    P4  ir al estado 21
    P3  ir al estado 22
    P2  ir al estado 23
    P1  ir al estado 24
    I   ir al estado 25
    W   ir al estado 26
    F2  ir al estado 27
    F   ir al estado 28


estado 15

    4 S1: S . D

    PUNTOYCOMA  desplazar e ir al estado 41
    NEWLINE     desplazar e ir al estado 42

    D   ir al estado 43
    Q2  ir al estado 44
    Q   ir al estado 45


estado 16

   11 S: V .

    $default  reduce usando la regla 11 (S)


estado 17

   16 V: T . IDENTIFICADOR

    IDENTIFICADOR  desplazar e ir al estado 46


estado 18

   15 S: P6 .

    $default  reduce usando la regla 15 (S)


estado 19

   23 P6: P7 .
   24 P7: P7 . OPLOGICO P5

    OPLOGICO  desplazar e ir al estado 47

    $default  reduce usando la regla 23 (P6)


estado 20

   25 P7: P5 .
   26 P5: P5 . OPRELACIONAL P4

    OPRELACIONAL  desplazar e ir al estado 48

    $default  reduce usando la regla 25 (P7)


estado 21

   27 P5: P4 .
   28 P4: P4 . OPARITMETICO P3

    OPARITMETICO  desplazar e ir al estado 49

    $default  reduce usando la regla 27 (P5)


estado 22

   29 P4: P3 .

    $default  reduce usando la regla 29 (P4)


estado 23

   31 P3: P2 .

    $default  reduce usando la regla 31 (P3)


estado 24

   33 P2: P1 .

    $default  reduce usando la regla 33 (P2)


estado 25

   13 S: I .

    $default  reduce usando la regla 13 (S)


estado 26

   14 S: W .

    $default  reduce usando la regla 14 (S)


estado 27

   49 F: F2 . H L LLAVEAB L AS LLAVECE

    IDENTIFICADOR  desplazar e ir al estado 50

    H  ir al estado 51


estado 28

   12 S: F .

    $default  reduce usando la regla 12 (S)


estado 29

   43 I: IF PARENTESISAB . P6 PARENTESISCE L S

    DOCWRITE       desplazar e ir al estado 4
    PROMPT         desplazar e ir al estado 6
    OPESPECIAL     desplazar e ir al estado 7
    PARENTESISAB   desplazar e ir al estado 8
    ENTERO         desplazar e ir al estado 9
    CADENA         desplazar e ir al estado 10
    IDENTIFICADOR  desplazar e ir al estado 11

    P6  ir al estado 52
    P7  ir al estado 19
    P5  ir al estado 20
    P4  ir al estado 21
    P3  ir al estado 22
    P2  ir al estado 23
    P1  ir al estado 24


estado 30

   44 W: SWITCH PARENTESISAB . P6 PARENTESISCE L LLAVEAB C L LLAVECE

    DOCWRITE       desplazar e ir al estado 4
    PROMPT         desplazar e ir al estado 6
    OPESPECIAL     desplazar e ir al estado 7
    PARENTESISAB   desplazar e ir al estado 8
    ENTERO         desplazar e ir al estado 9
    CADENA         desplazar e ir al estado 10
    IDENTIFICADOR  desplazar e ir al estado 11

    P6  ir al estado 53
    P7  ir al estado 19
    P5  ir al estado 20
    P4  ir al estado 21
    P3  ir al estado 22
    P2  ir al estado 23
    P1  ir al estado 24


estado 31

   38 P1: DOCWRITE PARENTESISAB . P6 PARENTESISCE

    DOCWRITE       desplazar e ir al estado 4
    PROMPT         desplazar e ir al estado 6
    OPESPECIAL     desplazar e ir al estado 7
    PARENTESISAB   desplazar e ir al estado 8
    ENTERO         desplazar e ir al estado 9
    CADENA         desplazar e ir al estado 10
    IDENTIFICADOR  desplazar e ir al estado 11

    P6  ir al estado 54
    P7  ir al estado 19
    P5  ir al estado 20
    P4  ir al estado 21
    P3  ir al estado 22
    P2  ir al estado 23
    P1  ir al estado 24


estado 32

   37 P1: PROMPT PARENTESISAB . P6 PARENTESISCE

    DOCWRITE       desplazar e ir al estado 4
    PROMPT         desplazar e ir al estado 6
    OPESPECIAL     desplazar e ir al estado 7
    PARENTESISAB   desplazar e ir al estado 8
    ENTERO         desplazar e ir al estado 9
    CADENA         desplazar e ir al estado 10
    IDENTIFICADOR  desplazar e ir al estado 11

    P6  ir al estado 55
    P7  ir al estado 19
    P5  ir al estado 20
    P4  ir al estado 21
    P3  ir al estado 22
    P2  ir al estado 23
    P1  ir al estado 24


estado 33

   34 P1: IDENTIFICADOR . PARENTESISAB P PARENTESISCE
   35   | IDENTIFICADOR . CORCHETEAB P6 CORCHETECE
   36   | IDENTIFICADOR .

    CORCHETEAB    desplazar e ir al estado 37
    PARENTESISAB  desplazar e ir al estado 38

    $default  reduce usando la regla 36 (P1)


estado 34

   30 P3: OPESPECIAL P2 .

    $default  reduce usando la regla 30 (P3)


estado 35

   32 P2: PARENTESISAB P6 . PARENTESISCE

    PARENTESISCE  desplazar e ir al estado 56


estado 36

   22 P6: IDENTIFICADOR OPASIGNACION . N

    NEW            desplazar e ir al estado 57
    DOCWRITE       desplazar e ir al estado 4
    PROMPT         desplazar e ir al estado 6
    OPESPECIAL     desplazar e ir al estado 7
    PARENTESISAB   desplazar e ir al estado 8
    ENTERO         desplazar e ir al estado 9
    CADENA         desplazar e ir al estado 10
    IDENTIFICADOR  desplazar e ir al estado 33

    P5  ir al estado 58
    P4  ir al estado 21
    P3  ir al estado 22
    P2  ir al estado 23
    P1  ir al estado 24
    N   ir al estado 59


estado 37

   35 P1: IDENTIFICADOR CORCHETEAB . P6 CORCHETECE

    DOCWRITE       desplazar e ir al estado 4
    PROMPT         desplazar e ir al estado 6
    OPESPECIAL     desplazar e ir al estado 7
    PARENTESISAB   desplazar e ir al estado 8
    ENTERO         desplazar e ir al estado 9
    CADENA         desplazar e ir al estado 10
    IDENTIFICADOR  desplazar e ir al estado 11

    P6  ir al estado 60
    P7  ir al estado 19
    P5  ir al estado 20
    P4  ir al estado 21
    P3  ir al estado 22
    P2  ir al estado 23
    P1  ir al estado 24


estado 38

   34 P1: IDENTIFICADOR PARENTESISAB . P PARENTESISCE

    DOCWRITE       desplazar e ir al estado 4
    PROMPT         desplazar e ir al estado 6
    OPESPECIAL     desplazar e ir al estado 7
    PARENTESISAB   desplazar e ir al estado 8
    ENTERO         desplazar e ir al estado 9
    CADENA         desplazar e ir al estado 10
    IDENTIFICADOR  desplazar e ir al estado 33

    $default  reduce usando la regla 19 (P)

    P   ir al estado 61
    Z   ir al estado 62
    P5  ir al estado 63
    P4  ir al estado 21
    P3  ir al estado 22
    P2  ir al estado 23
    P1  ir al estado 24


estado 39

    0 $accept: X $end .

    $default  aceptar


estado 40

    2 A: S1 A .

    $default  reduce usando la regla 2 (A)


estado 41

    7 Q2: PUNTOYCOMA .

    $default  reduce usando la regla 7 (Q2)


estado 42

   10 Q: NEWLINE .

    $default  reduce usando la regla 10 (Q)


estado 43

    4 S1: S D .

    $default  reduce usando la regla 4 (S1)


estado 44

    6 D: Q2 .

    $default  reduce usando la regla 6 (D)


estado 45

    5 D: Q .

    $default  reduce usando la regla 5 (D)


estado 46

   16 V: T IDENTIFICADOR .

    $default  reduce usando la regla 16 (V)


estado 47

   24 P7: P7 OPLOGICO . P5

    DOCWRITE       desplazar e ir al estado 4
    PROMPT         desplazar e ir al estado 6
    OPESPECIAL     desplazar e ir al estado 7
    PARENTESISAB   desplazar e ir al estado 8
    ENTERO         desplazar e ir al estado 9
    CADENA         desplazar e ir al estado 10
    IDENTIFICADOR  desplazar e ir al estado 33

    P5  ir al estado 64
    P4  ir al estado 21
    P3  ir al estado 22
    P2  ir al estado 23
    P1  ir al estado 24


estado 48

   26 P5: P5 OPRELACIONAL . P4

    DOCWRITE       desplazar e ir al estado 4
    PROMPT         desplazar e ir al estado 6
    OPESPECIAL     desplazar e ir al estado 7
    PARENTESISAB   desplazar e ir al estado 8
    ENTERO         desplazar e ir al estado 9
    CADENA         desplazar e ir al estado 10
    IDENTIFICADOR  desplazar e ir al estado 33

    P4  ir al estado 65
    P3  ir al estado 22
    P2  ir al estado 23
    P1  ir al estado 24


estado 49

   28 P4: P4 OPARITMETICO . P3

    DOCWRITE       desplazar e ir al estado 4
    PROMPT         desplazar e ir al estado 6
    OPESPECIAL     desplazar e ir al estado 7
    PARENTESISAB   desplazar e ir al estado 8
    ENTERO         desplazar e ir al estado 9
    CADENA         desplazar e ir al estado 10
    IDENTIFICADOR  desplazar e ir al estado 33

    P3  ir al estado 66
    P2  ir al estado 23
    P1  ir al estado 24


estado 50

   53 H: IDENTIFICADOR . PARENTESISAB J
   54  | IDENTIFICADOR . PARENTESISAB PARENTESISCE

    PARENTESISAB  desplazar e ir al estado 67


estado 51

   49 F: F2 H . L LLAVEAB L AS LLAVECE

    NEWLINE  desplazar e ir al estado 42

    $default  reduce usando la regla 9 (L)

    L  ir al estado 68
    Q  ir al estado 69


estado 52

   43 I: IF PARENTESISAB P6 . PARENTESISCE L S

    PARENTESISCE  desplazar e ir al estado 70


estado 53

   44 W: SWITCH PARENTESISAB P6 . PARENTESISCE L LLAVEAB C L LLAVECE

    PARENTESISCE  desplazar e ir al estado 71


estado 54

   38 P1: DOCWRITE PARENTESISAB P6 . PARENTESISCE

    PARENTESISCE  desplazar e ir al estado 72


estado 55

   37 P1: PROMPT PARENTESISAB P6 . PARENTESISCE

    PARENTESISCE  desplazar e ir al estado 73


estado 56

   32 P2: PARENTESISAB P6 PARENTESISCE .

    $default  reduce usando la regla 32 (P2)


estado 57

   42 N: NEW . ARRAY PARENTESISAB P6 PARENTESISCE

    ARRAY  desplazar e ir al estado 74


estado 58

   26 P5: P5 . OPRELACIONAL P4
   41 N: P5 .

    OPRELACIONAL  desplazar e ir al estado 48

    $default  reduce usando la regla 41 (N)


estado 59

   22 P6: IDENTIFICADOR OPASIGNACION N .

    $default  reduce usando la regla 22 (P6)


estado 60

   35 P1: IDENTIFICADOR CORCHETEAB P6 . CORCHETECE

    CORCHETECE  desplazar e ir al estado 75


estado 61

   34 P1: IDENTIFICADOR PARENTESISAB P . PARENTESISCE

    PARENTESISCE  desplazar e ir al estado 76


estado 62

   18 P: Z .

    $default  reduce usando la regla 18 (P)


estado 63

   20 Z: P5 .
   21  | P5 . COMA Z
   26 P5: P5 . OPRELACIONAL P4

    OPRELACIONAL  desplazar e ir al estado 48
    COMA          desplazar e ir al estado 77

    $default  reduce usando la regla 20 (Z)


estado 64

   24 P7: P7 OPLOGICO P5 .
   26 P5: P5 . OPRELACIONAL P4

    OPRELACIONAL  desplazar e ir al estado 48

    $default  reduce usando la regla 24 (P7)


estado 65

   26 P5: P5 OPRELACIONAL P4 .
   28 P4: P4 . OPARITMETICO P3

    OPARITMETICO  desplazar e ir al estado 49

    $default  reduce usando la regla 26 (P5)


estado 66

   28 P4: P4 OPARITMETICO P3 .

    $default  reduce usando la regla 28 (P4)


estado 67

   53 H: IDENTIFICADOR PARENTESISAB . J
   54  | IDENTIFICADOR PARENTESISAB . PARENTESISCE

    PARENTESISCE   desplazar e ir al estado 78
    IDENTIFICADOR  desplazar e ir al estado 79

    J  ir al estado 80


estado 68

   49 F: F2 H L . LLAVEAB L AS LLAVECE

    LLAVEAB  desplazar e ir al estado 81


estado 69

    8 L: Q .

    $default  reduce usando la regla 8 (L)


estado 70

   43 I: IF PARENTESISAB P6 PARENTESISCE . L S

    NEWLINE  desplazar e ir al estado 42

    $default  reduce usando la regla 9 (L)

    L  ir al estado 82
    Q  ir al estado 69


estado 71

   44 W: SWITCH PARENTESISAB P6 PARENTESISCE . L LLAVEAB C L LLAVECE

    NEWLINE  desplazar e ir al estado 42

    $default  reduce usando la regla 9 (L)

    L  ir al estado 83
    Q  ir al estado 69


estado 72

   38 P1: DOCWRITE PARENTESISAB P6 PARENTESISCE .

    $default  reduce usando la regla 38 (P1)


estado 73

   37 P1: PROMPT PARENTESISAB P6 PARENTESISCE .

    $default  reduce usando la regla 37 (P1)


estado 74

   42 N: NEW ARRAY . PARENTESISAB P6 PARENTESISCE

    PARENTESISAB  desplazar e ir al estado 84


estado 75

   35 P1: IDENTIFICADOR CORCHETEAB P6 CORCHETECE .

    $default  reduce usando la regla 35 (P1)


estado 76

   34 P1: IDENTIFICADOR PARENTESISAB P PARENTESISCE .

    $default  reduce usando la regla 34 (P1)


estado 77

   21 Z: P5 COMA . Z

    DOCWRITE       desplazar e ir al estado 4
    PROMPT         desplazar e ir al estado 6
    OPESPECIAL     desplazar e ir al estado 7
    PARENTESISAB   desplazar e ir al estado 8
    ENTERO         desplazar e ir al estado 9
    CADENA         desplazar e ir al estado 10
    IDENTIFICADOR  desplazar e ir al estado 33

    Z   ir al estado 85
    P5  ir al estado 63
    P4  ir al estado 21
    P3  ir al estado 22
    P2  ir al estado 23
    P1  ir al estado 24


estado 78

   54 H: IDENTIFICADOR PARENTESISAB PARENTESISCE .

    $default  reduce usando la regla 54 (H)


estado 79

   55 J: IDENTIFICADOR . PARENTESISCE
   56  | IDENTIFICADOR . COMA J

    PARENTESISCE  desplazar e ir al estado 86
    COMA          desplazar e ir al estado 87


estado 80

   53 H: IDENTIFICADOR PARENTESISAB J .

    $default  reduce usando la regla 53 (H)


estado 81

   49 F: F2 H L LLAVEAB . L AS LLAVECE

    NEWLINE  desplazar e ir al estado 42

    $default  reduce usando la regla 9 (L)

    L  ir al estado 88
    Q  ir al estado 69


estado 82

   43 I: IF PARENTESISAB P6 PARENTESISCE L . S

    IF             desplazar e ir al estado 1
    SWITCH         desplazar e ir al estado 2
    FUNCTION       desplazar e ir al estado 3
    DOCWRITE       desplazar e ir al estado 4
    VAR            desplazar e ir al estado 5
    PROMPT         desplazar e ir al estado 6
    OPESPECIAL     desplazar e ir al estado 7
    PARENTESISAB   desplazar e ir al estado 8
    ENTERO         desplazar e ir al estado 9
    CADENA         desplazar e ir al estado 10
    IDENTIFICADOR  desplazar e ir al estado 11

    S   ir al estado 89
    V   ir al estado 16
    T   ir al estado 17
    P6  ir al estado 18
    P7  ir al estado 19
    P5  ir al estado 20
    P4  ir al estado 21
    P3  ir al estado 22
    P2  ir al estado 23
    P1  ir al estado 24
    I   ir al estado 25
    W   ir al estado 26
    F2  ir al estado 27
    F   ir al estado 28


estado 83

   44 W: SWITCH PARENTESISAB P6 PARENTESISCE L . LLAVEAB C L LLAVECE

    LLAVEAB  desplazar e ir al estado 90


estado 84

   42 N: NEW ARRAY PARENTESISAB . P6 PARENTESISCE

    DOCWRITE       desplazar e ir al estado 4
    PROMPT         desplazar e ir al estado 6
    OPESPECIAL     desplazar e ir al estado 7
    PARENTESISAB   desplazar e ir al estado 8
    ENTERO         desplazar e ir al estado 9
    CADENA         desplazar e ir al estado 10
    IDENTIFICADOR  desplazar e ir al estado 11

    P6  ir al estado 91
    P7  ir al estado 19
    P5  ir al estado 20
    P4  ir al estado 21
    P3  ir al estado 22
    P2  ir al estado 23
    P1  ir al estado 24


estado 85

   21 Z: P5 COMA Z .

    $default  reduce usando la regla 21 (Z)


estado 86

   55 J: IDENTIFICADOR PARENTESISCE .

    $default  reduce usando la regla 55 (J)


estado 87

   56 J: IDENTIFICADOR COMA . J

    IDENTIFICADOR  desplazar e ir al estado 79

    J  ir al estado 92


estado 88

   49 F: F2 H L LLAVEAB L . AS LLAVECE

    IF             desplazar e ir al estado 1
    SWITCH         desplazar e ir al estado 2
    FUNCTION       desplazar e ir al estado 3
    DOCWRITE       desplazar e ir al estado 4
    VAR            desplazar e ir al estado 5
    PROMPT         desplazar e ir al estado 6
    RETURN         desplazar e ir al estado 93
    OPESPECIAL     desplazar e ir al estado 7
    PARENTESISAB   desplazar e ir al estado 8
    ENTERO         desplazar e ir al estado 9
    CADENA         desplazar e ir al estado 10
    IDENTIFICADOR  desplazar e ir al estado 11

    A   ir al estado 94
    S1  ir al estado 14
    S   ir al estado 15
    V   ir al estado 16
    T   ir al estado 17
    P6  ir al estado 18
    P7  ir al estado 19
    P5  ir al estado 20
    P4  ir al estado 21
    P3  ir al estado 22
    P2  ir al estado 23
    P1  ir al estado 24
    I   ir al estado 25
    W   ir al estado 26
    F2  ir al estado 27
    F   ir al estado 28
    AS  ir al estado 95
    R   ir al estado 96


estado 89

   43 I: IF PARENTESISAB P6 PARENTESISCE L S .

    $default  reduce usando la regla 43 (I)


estado 90

   44 W: SWITCH PARENTESISAB P6 PARENTESISCE L LLAVEAB . C L LLAVECE

    NEWLINE  desplazar e ir al estado 42

    $default  reduce usando la regla 9 (L)

    L  ir al estado 97
    Q  ir al estado 69
    C  ir al estado 98


estado 91

   42 N: NEW ARRAY PARENTESISAB P6 . PARENTESISCE

    PARENTESISCE  desplazar e ir al estado 99


estado 92

   56 J: IDENTIFICADOR COMA J .

    $default  reduce usando la regla 56 (J)


estado 93

   57 R: RETURN . P6
   58  | RETURN .

    DOCWRITE       desplazar e ir al estado 4
    PROMPT         desplazar e ir al estado 6
    OPESPECIAL     desplazar e ir al estado 7
    PARENTESISAB   desplazar e ir al estado 8
    ENTERO         desplazar e ir al estado 9
    CADENA         desplazar e ir al estado 10
    IDENTIFICADOR  desplazar e ir al estado 11

    $default  reduce usando la regla 58 (R)

    P6  ir al estado 100
    P7  ir al estado 19
    P5  ir al estado 20
    P4  ir al estado 21
    P3  ir al estado 22
    P2  ir al estado 23
    P1  ir al estado 24


estado 94

   50 AS: A . R L
   51   | A . L

    NEWLINE  desplazar e ir al estado 42
    RETURN   desplazar e ir al estado 93

    $default  reduce usando la regla 9 (L)

    L  ir al estado 101
    Q  ir al estado 69
    R  ir al estado 102


estado 95

   49 F: F2 H L LLAVEAB L AS . LLAVECE

    LLAVECE  desplazar e ir al estado 103


estado 96

   52 AS: R . L

    NEWLINE  desplazar e ir al estado 42

    $default  reduce usando la regla 9 (L)

    L  ir al estado 104
    Q  ir al estado 69


estado 97

   45 C: L . CASE P6 DOSPUNTOS A D B

    CASE  desplazar e ir al estado 105


estado 98

   44 W: SWITCH PARENTESISAB P6 PARENTESISCE L LLAVEAB C . L LLAVECE

    NEWLINE  desplazar e ir al estado 42

    $default  reduce usando la regla 9 (L)

    L  ir al estado 106
    Q  ir al estado 69


estado 99

   42 N: NEW ARRAY PARENTESISAB P6 PARENTESISCE .

    $default  reduce usando la regla 42 (N)


estado 100

   57 R: RETURN P6 .

    $default  reduce usando la regla 57 (R)


estado 101

   51 AS: A L .

    $default  reduce usando la regla 51 (AS)


estado 102

   50 AS: A R . L

    NEWLINE  desplazar e ir al estado 42

    $default  reduce usando la regla 9 (L)

    L  ir al estado 107
    Q  ir al estado 69


estado 103

   49 F: F2 H L LLAVEAB L AS LLAVECE .

    $default  reduce usando la regla 49 (F)


estado 104

   52 AS: R L .

    $default  reduce usando la regla 52 (AS)


estado 105

   45 C: L CASE . P6 DOSPUNTOS A D B

    DOCWRITE       desplazar e ir al estado 4
    PROMPT         desplazar e ir al estado 6
    OPESPECIAL     desplazar e ir al estado 7
    PARENTESISAB   desplazar e ir al estado 8
    ENTERO         desplazar e ir al estado 9
    CADENA         desplazar e ir al estado 10
    IDENTIFICADOR  desplazar e ir al estado 11

    P6  ir al estado 108
    P7  ir al estado 19
    P5  ir al estado 20
    P4  ir al estado 21
    P3  ir al estado 22
    P2  ir al estado 23
    P1  ir al estado 24


estado 106

   44 W: SWITCH PARENTESISAB P6 PARENTESISCE L LLAVEAB C L . LLAVECE

    LLAVECE  desplazar e ir al estado 109


estado 107

   50 AS: A R L .

    $default  reduce usando la regla 50 (AS)


estado 108

   45 C: L CASE P6 . DOSPUNTOS A D B

    DOSPUNTOS  desplazar e ir al estado 110


estado 109

   44 W: SWITCH PARENTESISAB P6 PARENTESISCE L LLAVEAB C L LLAVECE .

    $default  reduce usando la regla 44 (W)


estado 110

   45 C: L CASE P6 DOSPUNTOS . A D B

    IF             desplazar e ir al estado 1
    SWITCH         desplazar e ir al estado 2
    FUNCTION       desplazar e ir al estado 3
    DOCWRITE       desplazar e ir al estado 4
    VAR            desplazar e ir al estado 5
    PROMPT         desplazar e ir al estado 6
    OPESPECIAL     desplazar e ir al estado 7
    PARENTESISAB   desplazar e ir al estado 8
    ENTERO         desplazar e ir al estado 9
    CADENA         desplazar e ir al estado 10
    IDENTIFICADOR  desplazar e ir al estado 11

    A   ir al estado 111
    S1  ir al estado 14
    S   ir al estado 15
    V   ir al estado 16
    T   ir al estado 17
    P6  ir al estado 18
    P7  ir al estado 19
    P5  ir al estado 20
    P4  ir al estado 21
    P3  ir al estado 22
    P2  ir al estado 23
    P1  ir al estado 24
    I   ir al estado 25
    W   ir al estado 26
    F2  ir al estado 27
    F   ir al estado 28


estado 111

   45 C: L CASE P6 DOSPUNTOS A . D B

    PUNTOYCOMA  desplazar e ir al estado 41
    NEWLINE     desplazar e ir al estado 42

    D   ir al estado 112
    Q2  ir al estado 44
    Q   ir al estado 45


estado 112

   45 C: L CASE P6 DOSPUNTOS A D . B

    BREAK  desplazar e ir al estado 113

    $default  reduce usando la regla 47 (B)

    B  ir al estado 114


estado 113

   46 B: BREAK .

    $default  reduce usando la regla 46 (B)


estado 114

   45 C: L CASE P6 DOSPUNTOS A D B .

    $default  reduce usando la regla 45 (C)
